<?xml version="1.0" encoding="UTF-8"?>
<testsuites name="Login Website" time="251.768" tests="7" failures="0" errors="0">
   <testsuite name="Login Website" tests="7" failures="0" errors="0" time="251.768" skipped="0" timestamp="08-12-2024T15:01:28" hostname="rafki - Tester" id="Test Suites/Login Website">
      <properties>
         <property name="deviceName" value=""/>
         <property name="devicePlatform"/>
         <property name="logFolder" value="C:\\Users\\rafki\\git\\automationTest\\Reports\\20241208_150044\\Login Website\\20241208_150044"/>
         <property name="logFiles" value="C:\\Users\\rafki\\git\\automationTest\\Reports\\20241208_150044\\Login Website\\20241208_150044\\execution0.log"/>
         <property name="attachments" value=""/>
         <property name="hostName" value="rafki - Tester"/>
         <property name="os" value="Windows 11 64bit"/>
         <property name="katalonVersion" value="10.0.0.223"/>
         <property name="browser" value="Chrome 131.0.0.0"/>
         <property name="hostAddress" value="192.168.0.14"/>
         <property name="sessionId" value="15b37e3c4325dccaea0609861fdcaddc"/>
         <property name="seleniumVersion" value="4.22.0"/>
         <property name="proxyInformation" value="ProxyInformation { proxyOption=NO_PROXY, proxyServerType=HTTP, username=, password=********, proxyServerAddress=, proxyServerPort=0, executionList=&quot;&quot;, isApplyToDesiredCapabilities=true }"/>
         <property name="platform" value="Windows 11"/>
      </properties>
      <testcase name="Test Cases/TC - LW 002/TC 001 Login berhasil" time="56.708" classname="Test Cases/TC - LW 002/TC 001 Login berhasil" status="PASSED">
         <system-out><![CDATA[08-12-2024T15:01:30 - [TEST_CASE][PASSED] - Test Cases/TC - LW 002/TC 001 Login berhasil: Test Cases/TC - LW 002/TC 001 Login berhasil

08-12-2024T15:01:35 - [TEST_STEP][PASSED] - callTestCase(findTestCase("TC - OW 001/TC 001 Link website benar"), [:], STOP_ON_FAILURE): Call Test Case 'Test Cases/TC - OW 001/TC 001 Link website benar' successfully

08-12-2024T15:01:36 - [TEST_CASE][PASSED] - Test Cases/TC - OW 001/TC 001 Link website benar: Test Cases/TC - OW 001/TC 001 Link website benar

08-12-2024T15:01:36 - [TEST_STEP][PASSED] - openBrowser("https://opensource-demo.orangehrmlive.com/web/index.php/"): Browser is opened with url: 'https://opensource-demo.orangehrmlive.com/web/index.php/'

08-12-2024T15:01:38 - [MESSAGE][INFO] - Starting 'Chrome' driver

08-12-2024T15:01:39 - [MESSAGE][INFO] - Action delay is set to 0 milliseconds

08-12-2024T15:02:12 - [MESSAGE][PASSED] - Browser is opened with url: 'https://opensource-demo.orangehrmlive.com/web/index.php/'

08-12-2024T15:02:12 - [TEST_STEP][PASSED] - maximizeWindow(): Current window maximized

08-12-2024T15:02:12 - [MESSAGE][PASSED] - Current window maximized

08-12-2024T15:02:12 - [TEST_STEP][PASSED] - verifyElementPresent(findTestObject("Login/textLogin"), 0): Object 'Object Repository/Login/textLogin' is present

08-12-2024T15:02:15 - [MESSAGE][WARNING] - Timeout '0' is invalid. Using default page load timeout: '30'

08-12-2024T15:02:16 - [MESSAGE][PASSED] - Object 'Object Repository/Login/textLogin' is present

08-12-2024T15:02:16 - [MESSAGE][PASSED] - Call Test Case 'Test Cases/TC - OW 001/TC 001 Link website benar' successfully

08-12-2024T15:02:16 - [TEST_STEP][PASSED] - click(findTestObject("Login/inputUsername")): Object: 'Object Repository/Login/inputUsername' is clicked on

08-12-2024T15:02:17 - [MESSAGE][PASSED] - Object: 'Object Repository/Login/inputUsername' is clicked on

08-12-2024T15:02:17 - [TEST_STEP][PASSED] - setText(findTestObject("Login/inputUsername"), "admin"): Text 'admin' is set on object 'Object Repository/Login/inputUsername'

08-12-2024T15:02:19 - [MESSAGE][PASSED] - Text 'admin' is set on object 'Object Repository/Login/inputUsername'

08-12-2024T15:02:19 - [TEST_STEP][PASSED] - click(findTestObject("Login/inputPaasword")): Object: 'Object Repository/Login/inputPaasword' is clicked on

08-12-2024T15:02:19 - [MESSAGE][PASSED] - Object: 'Object Repository/Login/inputPaasword' is clicked on

08-12-2024T15:02:19 - [TEST_STEP][PASSED] - setText(findTestObject("Login/inputPaasword"), "admin123"): Text 'admin123' is set on object 'Object Repository/Login/inputPaasword'

08-12-2024T15:02:20 - [MESSAGE][PASSED] - Text 'admin123' is set on object 'Object Repository/Login/inputPaasword'

08-12-2024T15:02:20 - [TEST_STEP][PASSED] - click(findTestObject("Login/buttonLogin")): Object: 'Object Repository/Login/buttonLogin' is clicked on

08-12-2024T15:02:21 - [MESSAGE][PASSED] - Object: 'Object Repository/Login/buttonLogin' is clicked on

08-12-2024T15:02:21 - [TEST_STEP][PASSED] - verifyElementPresent(findTestObject("Dashboard/textDashboard"), 0): Object 'Object Repository/Dashboard/textDashboard' is present

08-12-2024T15:02:21 - [MESSAGE][WARNING] - Timeout '0' is invalid. Using default page load timeout: '30'

08-12-2024T15:02:27 - [MESSAGE][PASSED] - Object 'Object Repository/Dashboard/textDashboard' is present]]></system-out>
         <system-err><![CDATA[]]></system-err>
      </testcase>
      <testcase name="Test Cases/TC - LW 002/TC 002 Login gagal username salah" time="33.404" classname="Test Cases/TC - LW 002/TC 002 Login gagal username salah" status="PASSED">
         <system-out><![CDATA[08-12-2024T15:02:27 - [TEST_CASE][PASSED] - Test Cases/TC - LW 002/TC 002 Login gagal username salah: Test Cases/TC - LW 002/TC 002 Login gagal username salah

08-12-2024T15:02:29 - [TEST_STEP][PASSED] - callTestCase(findTestCase("TC - OW 001/TC 001 Link website benar"), [:], STOP_ON_FAILURE): Call Test Case 'Test Cases/TC - OW 001/TC 001 Link website benar' successfully

08-12-2024T15:02:29 - [TEST_CASE][PASSED] - Test Cases/TC - OW 001/TC 001 Link website benar: Test Cases/TC - OW 001/TC 001 Link website benar

08-12-2024T15:02:29 - [TEST_STEP][PASSED] - openBrowser("https://opensource-demo.orangehrmlive.com/web/index.php/"): Browser is opened with url: 'https://opensource-demo.orangehrmlive.com/web/index.php/'

08-12-2024T15:02:30 - [MESSAGE][WARNING] - A browser is already opened. Closing browser and opening a new one

08-12-2024T15:02:32 - [MESSAGE][INFO] - Starting 'Chrome' driver

08-12-2024T15:02:32 - [MESSAGE][INFO] - Action delay is set to 0 milliseconds

08-12-2024T15:02:45 - [MESSAGE][PASSED] - Browser is opened with url: 'https://opensource-demo.orangehrmlive.com/web/index.php/'

08-12-2024T15:02:45 - [TEST_STEP][PASSED] - maximizeWindow(): Current window maximized

08-12-2024T15:02:47 - [MESSAGE][PASSED] - Current window maximized

08-12-2024T15:02:47 - [TEST_STEP][PASSED] - verifyElementPresent(findTestObject("Login/textLogin"), 0): Object 'Object Repository/Login/textLogin' is present

08-12-2024T15:02:47 - [MESSAGE][WARNING] - Timeout '0' is invalid. Using default page load timeout: '30'

08-12-2024T15:02:48 - [MESSAGE][PASSED] - Object 'Object Repository/Login/textLogin' is present

08-12-2024T15:02:48 - [MESSAGE][PASSED] - Call Test Case 'Test Cases/TC - OW 001/TC 001 Link website benar' successfully

08-12-2024T15:02:48 - [TEST_STEP][PASSED] - click(findTestObject("Login/inputUsername")): Object: 'Object Repository/Login/inputUsername' is clicked on

08-12-2024T15:02:49 - [MESSAGE][PASSED] - Object: 'Object Repository/Login/inputUsername' is clicked on

08-12-2024T15:02:49 - [TEST_STEP][PASSED] - setText(findTestObject("Login/inputUsername"), "adm"): Text 'adm' is set on object 'Object Repository/Login/inputUsername'

08-12-2024T15:02:52 - [MESSAGE][PASSED] - Text 'adm' is set on object 'Object Repository/Login/inputUsername'

08-12-2024T15:02:52 - [TEST_STEP][PASSED] - click(findTestObject("Login/inputPaasword")): Object: 'Object Repository/Login/inputPaasword' is clicked on

08-12-2024T15:02:53 - [MESSAGE][PASSED] - Object: 'Object Repository/Login/inputPaasword' is clicked on

08-12-2024T15:02:53 - [TEST_STEP][PASSED] - setText(findTestObject("Login/inputPaasword"), "admin123"): Text 'admin123' is set on object 'Object Repository/Login/inputPaasword'

08-12-2024T15:02:54 - [MESSAGE][PASSED] - Text 'admin123' is set on object 'Object Repository/Login/inputPaasword'

08-12-2024T15:02:54 - [TEST_STEP][PASSED] - click(findTestObject("Login/buttonLogin")): Object: 'Object Repository/Login/buttonLogin' is clicked on

08-12-2024T15:02:56 - [MESSAGE][PASSED] - Object: 'Object Repository/Login/buttonLogin' is clicked on

08-12-2024T15:02:57 - [TEST_STEP][PASSED] - verifyElementPresent(findTestObject("Login/textInvalidcredentials"), 0): Object 'Object Repository/Login/textInvalidcredentials' is present

08-12-2024T15:02:57 - [MESSAGE][WARNING] - Timeout '0' is invalid. Using default page load timeout: '30'

08-12-2024T15:02:57 - [MESSAGE][PASSED] - Object 'Object Repository/Login/textInvalidcredentials' is present

08-12-2024T15:02:57 - [TEST_STEP][PASSED] - delay(2): Delayed 2 second(s)

08-12-2024T15:03:00 - [MESSAGE][PASSED] - Delayed 2 second(s)

08-12-2024T15:03:00 - [TEST_STEP][PASSED] - closeBrowser(): Browser is closed

08-12-2024T15:03:00 - [MESSAGE][PASSED] - Browser is closed]]></system-out>
         <system-err><![CDATA[]]></system-err>
      </testcase>
      <testcase name="Test Cases/TC - LW 002/TC 003 Login gagal password salah" time="26.925" classname="Test Cases/TC - LW 002/TC 003 Login gagal password salah" status="PASSED">
         <system-out><![CDATA[08-12-2024T15:03:00 - [TEST_CASE][PASSED] - Test Cases/TC - LW 002/TC 003 Login gagal password salah: Test Cases/TC - LW 002/TC 003 Login gagal password salah

08-12-2024T15:03:01 - [TEST_STEP][PASSED] - callTestCase(findTestCase("TC - OW 001/TC 001 Link website benar"), [:], STOP_ON_FAILURE): Call Test Case 'Test Cases/TC - OW 001/TC 001 Link website benar' successfully

08-12-2024T15:03:01 - [TEST_CASE][PASSED] - Test Cases/TC - OW 001/TC 001 Link website benar: Test Cases/TC - OW 001/TC 001 Link website benar

08-12-2024T15:03:01 - [TEST_STEP][PASSED] - openBrowser("https://opensource-demo.orangehrmlive.com/web/index.php/"): Browser is opened with url: 'https://opensource-demo.orangehrmlive.com/web/index.php/'

08-12-2024T15:03:01 - [MESSAGE][INFO] - Starting 'Chrome' driver

08-12-2024T15:03:01 - [MESSAGE][INFO] - Action delay is set to 0 milliseconds

08-12-2024T15:03:11 - [MESSAGE][PASSED] - Browser is opened with url: 'https://opensource-demo.orangehrmlive.com/web/index.php/'

08-12-2024T15:03:11 - [TEST_STEP][PASSED] - maximizeWindow(): Current window maximized

08-12-2024T15:03:12 - [MESSAGE][PASSED] - Current window maximized

08-12-2024T15:03:12 - [TEST_STEP][PASSED] - verifyElementPresent(findTestObject("Login/textLogin"), 0): Object 'Object Repository/Login/textLogin' is present

08-12-2024T15:03:12 - [MESSAGE][WARNING] - Timeout '0' is invalid. Using default page load timeout: '30'

08-12-2024T15:03:15 - [MESSAGE][PASSED] - Object 'Object Repository/Login/textLogin' is present

08-12-2024T15:03:15 - [MESSAGE][PASSED] - Call Test Case 'Test Cases/TC - OW 001/TC 001 Link website benar' successfully

08-12-2024T15:03:15 - [TEST_STEP][PASSED] - click(findTestObject("Login/inputUsername")): Object: 'Object Repository/Login/inputUsername' is clicked on

08-12-2024T15:03:16 - [MESSAGE][PASSED] - Object: 'Object Repository/Login/inputUsername' is clicked on

08-12-2024T15:03:16 - [TEST_STEP][PASSED] - setText(findTestObject("Login/inputUsername"), "admin"): Text 'admin' is set on object 'Object Repository/Login/inputUsername'

08-12-2024T15:03:19 - [MESSAGE][PASSED] - Text 'admin' is set on object 'Object Repository/Login/inputUsername'

08-12-2024T15:03:19 - [TEST_STEP][PASSED] - click(findTestObject("Login/inputPaasword")): Object: 'Object Repository/Login/inputPaasword' is clicked on

08-12-2024T15:03:20 - [MESSAGE][PASSED] - Object: 'Object Repository/Login/inputPaasword' is clicked on

08-12-2024T15:03:20 - [TEST_STEP][PASSED] - setText(findTestObject("Login/inputPaasword"), "admin"): Text 'admin' is set on object 'Object Repository/Login/inputPaasword'

08-12-2024T15:03:21 - [MESSAGE][PASSED] - Text 'admin' is set on object 'Object Repository/Login/inputPaasword'

08-12-2024T15:03:21 - [TEST_STEP][PASSED] - click(findTestObject("Login/buttonLogin")): Object: 'Object Repository/Login/buttonLogin' is clicked on

08-12-2024T15:03:23 - [MESSAGE][PASSED] - Object: 'Object Repository/Login/buttonLogin' is clicked on

08-12-2024T15:03:23 - [TEST_STEP][PASSED] - verifyElementPresent(findTestObject("Login/textInvalidcredentials"), 0): Object 'Object Repository/Login/textInvalidcredentials' is present

08-12-2024T15:03:24 - [MESSAGE][WARNING] - Timeout '0' is invalid. Using default page load timeout: '30'

08-12-2024T15:03:24 - [MESSAGE][PASSED] - Object 'Object Repository/Login/textInvalidcredentials' is present

08-12-2024T15:03:24 - [TEST_STEP][PASSED] - delay(2): Delayed 2 second(s)

08-12-2024T15:03:26 - [MESSAGE][PASSED] - Delayed 2 second(s)

08-12-2024T15:03:26 - [TEST_STEP][PASSED] - closeBrowser(): Browser is closed

08-12-2024T15:03:27 - [MESSAGE][PASSED] - Browser is closed]]></system-out>
         <system-err><![CDATA[]]></system-err>
      </testcase>
      <testcase name="Test Cases/TC - LW 002/TC 004 Username kosong" time="26.62" classname="Test Cases/TC - LW 002/TC 004 Username kosong" status="PASSED">
         <system-out><![CDATA[08-12-2024T15:03:27 - [TEST_CASE][PASSED] - Test Cases/TC - LW 002/TC 004 Username kosong: Test Cases/TC - LW 002/TC 004 Username kosong

08-12-2024T15:03:28 - [TEST_STEP][PASSED] - callTestCase(findTestCase("TC - OW 001/TC 001 Link website benar"), [:], STOP_ON_FAILURE): Call Test Case 'Test Cases/TC - OW 001/TC 001 Link website benar' successfully

08-12-2024T15:03:28 - [TEST_CASE][PASSED] - Test Cases/TC - OW 001/TC 001 Link website benar: Test Cases/TC - OW 001/TC 001 Link website benar

08-12-2024T15:03:28 - [TEST_STEP][PASSED] - openBrowser("https://opensource-demo.orangehrmlive.com/web/index.php/"): Browser is opened with url: 'https://opensource-demo.orangehrmlive.com/web/index.php/'

08-12-2024T15:03:28 - [MESSAGE][INFO] - Starting 'Chrome' driver

08-12-2024T15:03:28 - [MESSAGE][INFO] - Action delay is set to 0 milliseconds

08-12-2024T15:03:40 - [MESSAGE][PASSED] - Browser is opened with url: 'https://opensource-demo.orangehrmlive.com/web/index.php/'

08-12-2024T15:03:40 - [TEST_STEP][PASSED] - maximizeWindow(): Current window maximized

08-12-2024T15:03:42 - [MESSAGE][PASSED] - Current window maximized

08-12-2024T15:03:42 - [TEST_STEP][PASSED] - verifyElementPresent(findTestObject("Login/textLogin"), 0): Object 'Object Repository/Login/textLogin' is present

08-12-2024T15:03:42 - [MESSAGE][WARNING] - Timeout '0' is invalid. Using default page load timeout: '30'

08-12-2024T15:03:44 - [MESSAGE][PASSED] - Object 'Object Repository/Login/textLogin' is present

08-12-2024T15:03:44 - [MESSAGE][PASSED] - Call Test Case 'Test Cases/TC - OW 001/TC 001 Link website benar' successfully

08-12-2024T15:03:44 - [TEST_STEP][PASSED] - click(findTestObject("Login/inputUsername")): Object: 'Object Repository/Login/inputUsername' is clicked on

08-12-2024T15:03:45 - [MESSAGE][PASSED] - Object: 'Object Repository/Login/inputUsername' is clicked on

08-12-2024T15:03:45 - [TEST_STEP][PASSED] - setText(findTestObject("Login/inputUsername"), ""): Text '' is set on object 'Object Repository/Login/inputUsername'

08-12-2024T15:03:48 - [MESSAGE][PASSED] - Text '' is set on object 'Object Repository/Login/inputUsername'

08-12-2024T15:03:48 - [TEST_STEP][PASSED] - click(findTestObject("Login/inputPaasword")): Object: 'Object Repository/Login/inputPaasword' is clicked on

08-12-2024T15:03:49 - [MESSAGE][PASSED] - Object: 'Object Repository/Login/inputPaasword' is clicked on

08-12-2024T15:03:49 - [TEST_STEP][PASSED] - setText(findTestObject("Login/inputPaasword"), "admin123"): Text 'admin123' is set on object 'Object Repository/Login/inputPaasword'

08-12-2024T15:03:50 - [MESSAGE][PASSED] - Text 'admin123' is set on object 'Object Repository/Login/inputPaasword'

08-12-2024T15:03:50 - [TEST_STEP][PASSED] - click(findTestObject("Login/buttonLogin")): Object: 'Object Repository/Login/buttonLogin' is clicked on

08-12-2024T15:03:51 - [MESSAGE][PASSED] - Object: 'Object Repository/Login/buttonLogin' is clicked on

08-12-2024T15:03:51 - [TEST_STEP][PASSED] - verifyElementPresent(findTestObject("Login/textRequiredusername"), 0): Object 'Object Repository/Login/textRequiredusername' is present

08-12-2024T15:03:51 - [MESSAGE][WARNING] - Timeout '0' is invalid. Using default page load timeout: '30'

08-12-2024T15:03:51 - [MESSAGE][PASSED] - Object 'Object Repository/Login/textRequiredusername' is present

08-12-2024T15:03:51 - [TEST_STEP][PASSED] - delay(2): Delayed 2 second(s)

08-12-2024T15:03:53 - [MESSAGE][PASSED] - Delayed 2 second(s)

08-12-2024T15:03:53 - [TEST_STEP][PASSED] - closeBrowser(): Browser is closed

08-12-2024T15:03:54 - [MESSAGE][PASSED] - Browser is closed]]></system-out>
         <system-err><![CDATA[]]></system-err>
      </testcase>
      <testcase name="Test Cases/TC - LW 002/TC 005 Password kosong" time="25.548" classname="Test Cases/TC - LW 002/TC 005 Password kosong" status="PASSED">
         <system-out><![CDATA[08-12-2024T15:03:54 - [TEST_CASE][PASSED] - Test Cases/TC - LW 002/TC 005 Password kosong: Test Cases/TC - LW 002/TC 005 Password kosong

08-12-2024T15:03:54 - [TEST_STEP][PASSED] - callTestCase(findTestCase("TC - OW 001/TC 001 Link website benar"), [:], STOP_ON_FAILURE): Call Test Case 'Test Cases/TC - OW 001/TC 001 Link website benar' successfully

08-12-2024T15:03:54 - [TEST_CASE][PASSED] - Test Cases/TC - OW 001/TC 001 Link website benar: Test Cases/TC - OW 001/TC 001 Link website benar

08-12-2024T15:03:54 - [TEST_STEP][PASSED] - openBrowser("https://opensource-demo.orangehrmlive.com/web/index.php/"): Browser is opened with url: 'https://opensource-demo.orangehrmlive.com/web/index.php/'

08-12-2024T15:03:54 - [MESSAGE][INFO] - Starting 'Chrome' driver

08-12-2024T15:03:54 - [MESSAGE][INFO] - Action delay is set to 0 milliseconds

08-12-2024T15:04:06 - [MESSAGE][PASSED] - Browser is opened with url: 'https://opensource-demo.orangehrmlive.com/web/index.php/'

08-12-2024T15:04:06 - [TEST_STEP][PASSED] - maximizeWindow(): Current window maximized

08-12-2024T15:04:07 - [MESSAGE][PASSED] - Current window maximized

08-12-2024T15:04:07 - [TEST_STEP][PASSED] - verifyElementPresent(findTestObject("Login/textLogin"), 0): Object 'Object Repository/Login/textLogin' is present

08-12-2024T15:04:07 - [MESSAGE][WARNING] - Timeout '0' is invalid. Using default page load timeout: '30'

08-12-2024T15:04:09 - [MESSAGE][PASSED] - Object 'Object Repository/Login/textLogin' is present

08-12-2024T15:04:09 - [MESSAGE][PASSED] - Call Test Case 'Test Cases/TC - OW 001/TC 001 Link website benar' successfully

08-12-2024T15:04:09 - [TEST_STEP][PASSED] - click(findTestObject("Login/inputUsername")): Object: 'Object Repository/Login/inputUsername' is clicked on

08-12-2024T15:04:10 - [MESSAGE][PASSED] - Object: 'Object Repository/Login/inputUsername' is clicked on

08-12-2024T15:04:10 - [TEST_STEP][PASSED] - setText(findTestObject("Login/inputUsername"), "admin"): Text 'admin' is set on object 'Object Repository/Login/inputUsername'

08-12-2024T15:04:13 - [MESSAGE][PASSED] - Text 'admin' is set on object 'Object Repository/Login/inputUsername'

08-12-2024T15:04:13 - [TEST_STEP][PASSED] - click(findTestObject("Login/inputPaasword")): Object: 'Object Repository/Login/inputPaasword' is clicked on

08-12-2024T15:04:15 - [MESSAGE][PASSED] - Object: 'Object Repository/Login/inputPaasword' is clicked on

08-12-2024T15:04:15 - [TEST_STEP][PASSED] - setText(findTestObject("Login/inputPaasword"), ""): Text '' is set on object 'Object Repository/Login/inputPaasword'

08-12-2024T15:04:16 - [MESSAGE][PASSED] - Text '' is set on object 'Object Repository/Login/inputPaasword'

08-12-2024T15:04:16 - [TEST_STEP][PASSED] - click(findTestObject("Login/buttonLogin")): Object: 'Object Repository/Login/buttonLogin' is clicked on

08-12-2024T15:04:16 - [MESSAGE][PASSED] - Object: 'Object Repository/Login/buttonLogin' is clicked on

08-12-2024T15:04:16 - [TEST_STEP][PASSED] - verifyElementPresent(findTestObject("Login/textRequiredpassword"), 0): Object 'Object Repository/Login/textRequiredpassword' is present

08-12-2024T15:04:16 - [MESSAGE][WARNING] - Timeout '0' is invalid. Using default page load timeout: '30'

08-12-2024T15:04:16 - [MESSAGE][PASSED] - Object 'Object Repository/Login/textRequiredpassword' is present

08-12-2024T15:04:17 - [TEST_STEP][PASSED] - delay(2): Delayed 2 second(s)

08-12-2024T15:04:19 - [MESSAGE][PASSED] - Delayed 2 second(s)

08-12-2024T15:04:19 - [TEST_STEP][PASSED] - closeBrowser(): Browser is closed

08-12-2024T15:04:19 - [MESSAGE][PASSED] - Browser is closed]]></system-out>
         <system-err><![CDATA[]]></system-err>
      </testcase>
      <testcase name="Test Cases/TC - LW 002/TC 006 Username dan password kosong" time="26.221" classname="Test Cases/TC - LW 002/TC 006 Username dan password kosong" status="PASSED">
         <system-out><![CDATA[08-12-2024T15:04:19 - [TEST_CASE][PASSED] - Test Cases/TC - LW 002/TC 006 Username dan password kosong: Test Cases/TC - LW 002/TC 006 Username dan password kosong

08-12-2024T15:04:20 - [TEST_STEP][PASSED] - callTestCase(findTestCase("TC - OW 001/TC 001 Link website benar"), [:], STOP_ON_FAILURE): Call Test Case 'Test Cases/TC - OW 001/TC 001 Link website benar' successfully

08-12-2024T15:04:20 - [TEST_CASE][PASSED] - Test Cases/TC - OW 001/TC 001 Link website benar: Test Cases/TC - OW 001/TC 001 Link website benar

08-12-2024T15:04:20 - [TEST_STEP][PASSED] - openBrowser("https://opensource-demo.orangehrmlive.com/web/index.php/"): Browser is opened with url: 'https://opensource-demo.orangehrmlive.com/web/index.php/'

08-12-2024T15:04:20 - [MESSAGE][INFO] - Starting 'Chrome' driver

08-12-2024T15:04:20 - [MESSAGE][INFO] - Action delay is set to 0 milliseconds

08-12-2024T15:04:31 - [MESSAGE][PASSED] - Browser is opened with url: 'https://opensource-demo.orangehrmlive.com/web/index.php/'

08-12-2024T15:04:31 - [TEST_STEP][PASSED] - maximizeWindow(): Current window maximized

08-12-2024T15:04:32 - [MESSAGE][PASSED] - Current window maximized

08-12-2024T15:04:32 - [TEST_STEP][PASSED] - verifyElementPresent(findTestObject("Login/textLogin"), 0): Object 'Object Repository/Login/textLogin' is present

08-12-2024T15:04:32 - [MESSAGE][WARNING] - Timeout '0' is invalid. Using default page load timeout: '30'

08-12-2024T15:04:33 - [MESSAGE][PASSED] - Object 'Object Repository/Login/textLogin' is present

08-12-2024T15:04:33 - [MESSAGE][PASSED] - Call Test Case 'Test Cases/TC - OW 001/TC 001 Link website benar' successfully

08-12-2024T15:04:33 - [TEST_STEP][PASSED] - click(findTestObject("Login/inputUsername")): Object: 'Object Repository/Login/inputUsername' is clicked on

08-12-2024T15:04:33 - [MESSAGE][PASSED] - Object: 'Object Repository/Login/inputUsername' is clicked on

08-12-2024T15:04:33 - [TEST_STEP][PASSED] - setText(findTestObject("Login/inputUsername"), ""): Text '' is set on object 'Object Repository/Login/inputUsername'

08-12-2024T15:04:34 - [MESSAGE][PASSED] - Text '' is set on object 'Object Repository/Login/inputUsername'

08-12-2024T15:04:34 - [TEST_STEP][PASSED] - click(findTestObject("Login/inputPaasword")): Object: 'Object Repository/Login/inputPaasword' is clicked on

08-12-2024T15:04:35 - [MESSAGE][PASSED] - Object: 'Object Repository/Login/inputPaasword' is clicked on

08-12-2024T15:04:35 - [TEST_STEP][PASSED] - setText(findTestObject("Login/inputPaasword"), ""): Text '' is set on object 'Object Repository/Login/inputPaasword'

08-12-2024T15:04:37 - [MESSAGE][PASSED] - Text '' is set on object 'Object Repository/Login/inputPaasword'

08-12-2024T15:04:37 - [TEST_STEP][PASSED] - click(findTestObject("Login/buttonLogin")): Object: 'Object Repository/Login/buttonLogin' is clicked on

08-12-2024T15:04:41 - [MESSAGE][PASSED] - Object: 'Object Repository/Login/buttonLogin' is clicked on

08-12-2024T15:04:41 - [TEST_STEP][PASSED] - verifyElementPresent(findTestObject("Login/textRequiredusername"), 0): Object 'Object Repository/Login/textRequiredusername' is present

08-12-2024T15:04:41 - [MESSAGE][WARNING] - Timeout '0' is invalid. Using default page load timeout: '30'

08-12-2024T15:04:42 - [MESSAGE][PASSED] - Object 'Object Repository/Login/textRequiredusername' is present

08-12-2024T15:04:42 - [TEST_STEP][PASSED] - verifyElementPresent(findTestObject("Login/textRequiredpassword"), 0): Object 'Object Repository/Login/textRequiredpassword' is present

08-12-2024T15:04:42 - [MESSAGE][WARNING] - Timeout '0' is invalid. Using default page load timeout: '30'

08-12-2024T15:04:43 - [MESSAGE][PASSED] - Object 'Object Repository/Login/textRequiredpassword' is present

08-12-2024T15:04:43 - [TEST_STEP][PASSED] - delay(2): Delayed 2 second(s)

08-12-2024T15:04:45 - [MESSAGE][PASSED] - Delayed 2 second(s)

08-12-2024T15:04:45 - [TEST_STEP][PASSED] - closeBrowser(): Browser is closed

08-12-2024T15:04:46 - [MESSAGE][PASSED] - Browser is closed]]></system-out>
         <system-err><![CDATA[]]></system-err>
      </testcase>
      <testcase name="Test Cases/TC - LW 002/TC 008 Tidak klik tombol login" time="53.57" classname="Test Cases/TC - LW 002/TC 008 Tidak klik tombol login" status="PASSED">
         <system-out><![CDATA[08-12-2024T15:04:46 - [TEST_CASE][PASSED] - Test Cases/TC - LW 002/TC 008 Tidak klik tombol login: Test Cases/TC - LW 002/TC 008 Tidak klik tombol login

08-12-2024T15:04:46 - [TEST_STEP][PASSED] - callTestCase(findTestCase("TC - OW 001/TC 001 Link website benar"), [:], STOP_ON_FAILURE): Call Test Case 'Test Cases/TC - OW 001/TC 001 Link website benar' successfully

08-12-2024T15:04:46 - [TEST_CASE][PASSED] - Test Cases/TC - OW 001/TC 001 Link website benar: Test Cases/TC - OW 001/TC 001 Link website benar

08-12-2024T15:04:46 - [TEST_STEP][PASSED] - openBrowser("https://opensource-demo.orangehrmlive.com/web/index.php/"): Browser is opened with url: 'https://opensource-demo.orangehrmlive.com/web/index.php/'

08-12-2024T15:04:46 - [MESSAGE][INFO] - Starting 'Chrome' driver

08-12-2024T15:04:46 - [MESSAGE][INFO] - Action delay is set to 0 milliseconds

08-12-2024T15:05:23 - [MESSAGE][PASSED] - Browser is opened with url: 'https://opensource-demo.orangehrmlive.com/web/index.php/'

08-12-2024T15:05:23 - [TEST_STEP][PASSED] - maximizeWindow(): Current window maximized

08-12-2024T15:05:23 - [MESSAGE][PASSED] - Current window maximized

08-12-2024T15:05:23 - [TEST_STEP][PASSED] - verifyElementPresent(findTestObject("Login/textLogin"), 0): Object 'Object Repository/Login/textLogin' is present

08-12-2024T15:05:23 - [MESSAGE][WARNING] - Timeout '0' is invalid. Using default page load timeout: '30'

08-12-2024T15:05:26 - [MESSAGE][PASSED] - Object 'Object Repository/Login/textLogin' is present

08-12-2024T15:05:26 - [MESSAGE][PASSED] - Call Test Case 'Test Cases/TC - OW 001/TC 001 Link website benar' successfully

08-12-2024T15:05:26 - [TEST_STEP][PASSED] - click(findTestObject("Login/inputUsername")): Object: 'Object Repository/Login/inputUsername' is clicked on

08-12-2024T15:05:29 - [MESSAGE][PASSED] - Object: 'Object Repository/Login/inputUsername' is clicked on

08-12-2024T15:05:29 - [TEST_STEP][PASSED] - setText(findTestObject("Login/inputUsername"), ""): Text '' is set on object 'Object Repository/Login/inputUsername'

08-12-2024T15:05:31 - [MESSAGE][PASSED] - Text '' is set on object 'Object Repository/Login/inputUsername'

08-12-2024T15:05:31 - [TEST_STEP][PASSED] - click(findTestObject("Login/inputPaasword")): Object: 'Object Repository/Login/inputPaasword' is clicked on

08-12-2024T15:05:31 - [MESSAGE][PASSED] - Object: 'Object Repository/Login/inputPaasword' is clicked on

08-12-2024T15:05:31 - [TEST_STEP][PASSED] - setText(findTestObject("Login/inputPaasword"), ""): Text '' is set on object 'Object Repository/Login/inputPaasword'

08-12-2024T15:05:32 - [MESSAGE][PASSED] - Text '' is set on object 'Object Repository/Login/inputPaasword'

08-12-2024T15:05:32 - [TEST_STEP][PASSED] - delay(2): Delayed 2 second(s)

08-12-2024T15:05:34 - [MESSAGE][PASSED] - Delayed 2 second(s)

08-12-2024T15:05:34 - [TEST_STEP][PASSED] - closeBrowser(): Browser is closed

08-12-2024T15:05:39 - [MESSAGE][PASSED] - Browser is closed]]></system-out>
         <system-err><![CDATA[]]></system-err>
      </testcase>
      <system-out><![CDATA[08-12-2024T15:01:28 - [TEST_SUITE][PASSED] - Login Website: Test Cases/TC - LW 002/TC 008 Tidak klik tombol login]]></system-out>
      <system-err><![CDATA[]]></system-err>
   </testsuite>
</testsuites>
