<?xml version="1.0" encoding="UTF-8"?>
<testsuites name="Lupa Password" time="104.829" tests="2" failures="0" errors="0">
   <testsuite name="Lupa Password" tests="2" failures="0" errors="0" time="104.829" skipped="0" timestamp="09-12-2024T17:37:03" hostname="TESTER$ - Tester" id="Test Suites/Lupa Password">
      <properties>
         <property name="deviceName" value=""/>
         <property name="devicePlatform"/>
         <property name="logFolder" value="C:\\Users\\rafki\\git\\automationTesting\\Reports\\20241209_173237\\Lupa Password\\20241209_173300"/>
         <property name="logFiles" value="C:\\Users\\rafki\\git\\automationTesting\\Reports\\20241209_173237\\Lupa Password\\20241209_173300\\execution0.log"/>
         <property name="attachments" value=""/>
         <property name="hostName" value="TESTER$ - Tester"/>
         <property name="os" value="Windows 11 64bit"/>
         <property name="katalonVersion" value="10.0.1.223"/>
         <property name="browser" value="Chrome 131.0.0.0"/>
         <property name="hostAddress" value="192.168.0.46"/>
         <property name="sessionId" value="ff519b5850c8db3ed3cfe4cc569c9c6e"/>
         <property name="seleniumVersion" value="4.22.0"/>
         <property name="proxyInformation" value="ProxyInformation { proxyOption=NO_PROXY, proxyServerType=HTTP, username=, password=********, proxyServerAddress=, proxyServerPort=0, executionList=&quot;&quot;, isApplyToDesiredCapabilities=true }"/>
         <property name="platform" value="Windows 11"/>
      </properties>
      <testcase name="Test Cases/TC - LP 003/TC 001 Klik Forgot your password" time="68.204" classname="Test Cases/TC - LP 003/TC 001 Klik Forgot your password" status="PASSED">
         <system-out><![CDATA[09-12-2024T17:37:05 - [TEST_CASE][PASSED] - Test Cases/TC - LP 003/TC 001 Klik Forgot your password: Test Cases/TC - LP 003/TC 001 Klik Forgot your password

09-12-2024T17:37:08 - [TEST_STEP][PASSED] - callTestCase(findTestCase("TC - OW 001/TC 001 Link website benar"), [:], STOP_ON_FAILURE): Call Test Case 'Test Cases/TC - OW 001/TC 001 Link website benar' successfully

09-12-2024T17:37:09 - [TEST_CASE][PASSED] - Test Cases/TC - OW 001/TC 001 Link website benar: Test Cases/TC - OW 001/TC 001 Link website benar

09-12-2024T17:37:09 - [TEST_STEP][PASSED] - openBrowser("https://opensource-demo.orangehrmlive.com/web/index.php/"): Browser is opened with url: 'https://opensource-demo.orangehrmlive.com/web/index.php/'

09-12-2024T17:37:11 - [MESSAGE][INFO] - Starting 'Chrome' driver

09-12-2024T17:37:11 - [MESSAGE][INFO] - Action delay is set to 0 milliseconds

09-12-2024T17:37:47 - [MESSAGE][PASSED] - Browser is opened with url: 'https://opensource-demo.orangehrmlive.com/web/index.php/'

09-12-2024T17:37:47 - [TEST_STEP][PASSED] - maximizeWindow(): Current window maximized

09-12-2024T17:37:48 - [MESSAGE][PASSED] - Current window maximized

09-12-2024T17:37:48 - [TEST_STEP][PASSED] - verifyElementPresent(findTestObject("Login/textLogin"), 0): Object 'Object Repository/Login/textLogin' is present

09-12-2024T17:37:50 - [MESSAGE][WARNING] - Timeout '0' is invalid. Using default page load timeout: '30'

09-12-2024T17:37:51 - [MESSAGE][PASSED] - Object 'Object Repository/Login/textLogin' is present

09-12-2024T17:37:51 - [MESSAGE][PASSED] - Call Test Case 'Test Cases/TC - OW 001/TC 001 Link website benar' successfully

09-12-2024T17:37:51 - [TEST_STEP][PASSED] - click(findTestObject("Forgot Password/textForgotpassword")): Object: 'Object Repository/Forgot Password/textForgotpassword' is clicked on

09-12-2024T17:37:55 - [MESSAGE][PASSED] - Object: 'Object Repository/Forgot Password/textForgotpassword' is clicked on

09-12-2024T17:37:55 - [TEST_STEP][PASSED] - waitForElementPresent(findTestObject("Forgot Password/inputUsername"), 0): Object 'Object Repository/Forgot Password/inputUsername' is present

09-12-2024T17:37:55 - [MESSAGE][WARNING] - Timeout '0' is invalid. Using default page load timeout: '30'

09-12-2024T17:37:56 - [MESSAGE][PASSED] - Object 'Object Repository/Forgot Password/inputUsername' is present

09-12-2024T17:37:56 - [TEST_STEP][PASSED] - click(findTestObject("Forgot Password/inputUsername")): Object: 'Object Repository/Forgot Password/inputUsername' is clicked on

09-12-2024T17:37:57 - [MESSAGE][PASSED] - Object: 'Object Repository/Forgot Password/inputUsername' is clicked on

09-12-2024T17:37:57 - [TEST_STEP][PASSED] - setText(findTestObject("Forgot Password/inputUsername"), "admin"): Text 'admin' is set on object 'Object Repository/Forgot Password/inputUsername'

09-12-2024T17:38:02 - [MESSAGE][PASSED] - Text 'admin' is set on object 'Object Repository/Forgot Password/inputUsername'

09-12-2024T17:38:02 - [TEST_STEP][PASSED] - click(findTestObject("Forgot Password/buttonResetpassword")): Object: 'Object Repository/Forgot Password/buttonResetpassword' is clicked on

09-12-2024T17:38:05 - [MESSAGE][PASSED] - Object: 'Object Repository/Forgot Password/buttonResetpassword' is clicked on

09-12-2024T17:38:05 - [TEST_STEP][PASSED] - verifyElementPresent(findTestObject("Forgot Password/textResetpassword"), 0): Object 'Object Repository/Forgot Password/textResetpassword' is present

09-12-2024T17:38:06 - [MESSAGE][WARNING] - Timeout '0' is invalid. Using default page load timeout: '30'

09-12-2024T17:38:09 - [MESSAGE][PASSED] - Object 'Object Repository/Forgot Password/textResetpassword' is present

09-12-2024T17:38:09 - [TEST_STEP][PASSED] - delay(2): Delayed 2 second(s)

09-12-2024T17:38:11 - [MESSAGE][PASSED] - Delayed 2 second(s)

09-12-2024T17:38:11 - [TEST_STEP][PASSED] - closeBrowser(): Browser is closed

09-12-2024T17:38:14 - [MESSAGE][PASSED] - Browser is closed]]></system-out>
         <system-err><![CDATA[]]></system-err>
      </testcase>
      <testcase name="Test Cases/TC - LP 003/TC 002 Tombol cancel pada lupa password" time="33.638" classname="Test Cases/TC - LP 003/TC 002 Tombol cancel pada lupa password" status="PASSED">
         <system-out><![CDATA[09-12-2024T17:38:14 - [TEST_CASE][PASSED] - Test Cases/TC - LP 003/TC 002 Tombol cancel pada lupa password: Test Cases/TC - LP 003/TC 002 Tombol cancel pada lupa password

09-12-2024T17:38:15 - [TEST_STEP][PASSED] - callTestCase(findTestCase("TC - OW 001/TC 001 Link website benar"), [:], STOP_ON_FAILURE): Call Test Case 'Test Cases/TC - OW 001/TC 001 Link website benar' successfully

09-12-2024T17:38:15 - [TEST_CASE][PASSED] - Test Cases/TC - OW 001/TC 001 Link website benar: Test Cases/TC - OW 001/TC 001 Link website benar

09-12-2024T17:38:15 - [TEST_STEP][PASSED] - openBrowser("https://opensource-demo.orangehrmlive.com/web/index.php/"): Browser is opened with url: 'https://opensource-demo.orangehrmlive.com/web/index.php/'

09-12-2024T17:38:15 - [MESSAGE][INFO] - Starting 'Chrome' driver

09-12-2024T17:38:15 - [MESSAGE][INFO] - Action delay is set to 0 milliseconds

09-12-2024T17:38:30 - [MESSAGE][PASSED] - Browser is opened with url: 'https://opensource-demo.orangehrmlive.com/web/index.php/'

09-12-2024T17:38:30 - [TEST_STEP][PASSED] - maximizeWindow(): Current window maximized

09-12-2024T17:38:30 - [MESSAGE][PASSED] - Current window maximized

09-12-2024T17:38:30 - [TEST_STEP][PASSED] - verifyElementPresent(findTestObject("Login/textLogin"), 0): Object 'Object Repository/Login/textLogin' is present

09-12-2024T17:38:30 - [MESSAGE][WARNING] - Timeout '0' is invalid. Using default page load timeout: '30'

09-12-2024T17:38:31 - [MESSAGE][PASSED] - Object 'Object Repository/Login/textLogin' is present

09-12-2024T17:38:31 - [MESSAGE][PASSED] - Call Test Case 'Test Cases/TC - OW 001/TC 001 Link website benar' successfully

09-12-2024T17:38:31 - [TEST_STEP][PASSED] - click(findTestObject("Forgot Password/textForgotpassword")): Object: 'Object Repository/Forgot Password/textForgotpassword' is clicked on

09-12-2024T17:38:34 - [MESSAGE][PASSED] - Object: 'Object Repository/Forgot Password/textForgotpassword' is clicked on

09-12-2024T17:38:34 - [TEST_STEP][PASSED] - waitForElementPresent(findTestObject("Forgot Password/inputUsername"), 0): Object 'Object Repository/Forgot Password/inputUsername' is present

09-12-2024T17:38:34 - [MESSAGE][WARNING] - Timeout '0' is invalid. Using default page load timeout: '30'

09-12-2024T17:38:35 - [MESSAGE][PASSED] - Object 'Object Repository/Forgot Password/inputUsername' is present

09-12-2024T17:38:35 - [TEST_STEP][PASSED] - click(findTestObject("Forgot Password/inputUsername")): Object: 'Object Repository/Forgot Password/inputUsername' is clicked on

09-12-2024T17:38:36 - [MESSAGE][PASSED] - Object: 'Object Repository/Forgot Password/inputUsername' is clicked on

09-12-2024T17:38:36 - [TEST_STEP][PASSED] - setText(findTestObject("Forgot Password/inputUsername"), "admin"): Text 'admin' is set on object 'Object Repository/Forgot Password/inputUsername'

09-12-2024T17:38:38 - [MESSAGE][PASSED] - Text 'admin' is set on object 'Object Repository/Forgot Password/inputUsername'

09-12-2024T17:38:38 - [TEST_STEP][PASSED] - click(findTestObject("Forgot Password/buttonCancel")): Object: 'Object Repository/Forgot Password/buttonCancel' is clicked on

09-12-2024T17:38:41 - [MESSAGE][PASSED] - Object: 'Object Repository/Forgot Password/buttonCancel' is clicked on

09-12-2024T17:38:41 - [TEST_STEP][PASSED] - verifyElementPresent(findTestObject("Forgot Password/textForgotpassword"), 0): Object 'Object Repository/Forgot Password/textForgotpassword' is present

09-12-2024T17:38:41 - [MESSAGE][WARNING] - Timeout '0' is invalid. Using default page load timeout: '30'

09-12-2024T17:38:44 - [MESSAGE][PASSED] - Object 'Object Repository/Forgot Password/textForgotpassword' is present

09-12-2024T17:38:44 - [TEST_STEP][PASSED] - delay(2): Delayed 2 second(s)

09-12-2024T17:38:46 - [MESSAGE][PASSED] - Delayed 2 second(s)

09-12-2024T17:38:46 - [TEST_STEP][PASSED] - closeBrowser(): Browser is closed

09-12-2024T17:38:47 - [MESSAGE][PASSED] - Browser is closed]]></system-out>
         <system-err><![CDATA[]]></system-err>
      </testcase>
      <system-out><![CDATA[09-12-2024T17:37:03 - [TEST_SUITE][PASSED] - Lupa Password: Test Cases/TC - LP 003/TC 002 Tombol cancel pada lupa password]]></system-out>
      <system-err><![CDATA[]]></system-err>
   </testsuite>
</testsuites>
